Determining if the pthread_create exist failed with the following output:
Change Dir: /home/soumya/Capstone/CarND-Capstone/ros/build/CMakeFiles/CMakeTmp

Run Build Command:"/usr/bin/make" "cmTC_52049/fast"
/usr/bin/make -f CMakeFiles/cmTC_52049.dir/build.make CMakeFiles/cmTC_52049.dir/build
make[1]: Entering directory '/home/soumya/Capstone/CarND-Capstone/ros/build/CMakeFiles/CMakeTmp'
Building C object CMakeFiles/cmTC_52049.dir/CheckSymbolExists.c.o
/usr/bin/cc     -o CMakeFiles/cmTC_52049.dir/CheckSymbolExists.c.o   -c /home/soumya/Capstone/CarND-Capstone/ros/build/CMakeFiles/CMakeTmp/CheckSymbolExists.c
Linking C executable cmTC_52049
/usr/bin/cmake -E cmake_link_script CMakeFiles/cmTC_52049.dir/link.txt --verbose=1
/usr/bin/cc       CMakeFiles/cmTC_52049.dir/CheckSymbolExists.c.o  -o cmTC_52049 -rdynamic 
CMakeFiles/cmTC_52049.dir/CheckSymbolExists.c.o: In function `main':
CheckSymbolExists.c:(.text+0x16): undefined reference to `pthread_create'
collect2: error: ld returned 1 exit status
CMakeFiles/cmTC_52049.dir/build.make:97: recipe for target 'cmTC_52049' failed
make[1]: *** [cmTC_52049] Error 1
make[1]: Leaving directory '/home/soumya/Capstone/CarND-Capstone/ros/build/CMakeFiles/CMakeTmp'
Makefile:126: recipe for target 'cmTC_52049/fast' failed
make: *** [cmTC_52049/fast] Error 2

File /home/soumya/Capstone/CarND-Capstone/ros/build/CMakeFiles/CMakeTmp/CheckSymbolExists.c:
/* */
#include <pthread.h>

int main(int argc, char** argv)
{
  (void)argv;
#ifndef pthread_create
  return ((int*)(&pthread_create))[argc];
#else
  (void)argc;
  return 0;
#endif
}

Determining if the function pthread_create exists in the pthreads failed with the following output:
Change Dir: /home/soumya/Capstone/CarND-Capstone/ros/build/CMakeFiles/CMakeTmp

Run Build Command:"/usr/bin/make" "cmTC_c0bcb/fast"
/usr/bin/make -f CMakeFiles/cmTC_c0bcb.dir/build.make CMakeFiles/cmTC_c0bcb.dir/build
make[1]: Entering directory '/home/soumya/Capstone/CarND-Capstone/ros/build/CMakeFiles/CMakeTmp'
Building C object CMakeFiles/cmTC_c0bcb.dir/CheckFunctionExists.c.o
/usr/bin/cc    -DCHECK_FUNCTION_EXISTS=pthread_create   -o CMakeFiles/cmTC_c0bcb.dir/CheckFunctionExists.c.o   -c /usr/share/cmake-3.5/Modules/CheckFunctionExists.c
Linking C executable cmTC_c0bcb
/usr/bin/cmake -E cmake_link_script CMakeFiles/cmTC_c0bcb.dir/link.txt --verbose=1
/usr/bin/cc   -DCHECK_FUNCTION_EXISTS=pthread_create    CMakeFiles/cmTC_c0bcb.dir/CheckFunctionExists.c.o  -o cmTC_c0bcb -rdynamic -lpthreads 
/usr/bin/ld: cannot find -lpthreads
collect2: error: ld returned 1 exit status
CMakeFiles/cmTC_c0bcb.dir/build.make:97: recipe for target 'cmTC_c0bcb' failed
make[1]: *** [cmTC_c0bcb] Error 1
make[1]: Leaving directory '/home/soumya/Capstone/CarND-Capstone/ros/build/CMakeFiles/CMakeTmp'
Makefile:126: recipe for target 'cmTC_c0bcb/fast' failed
make: *** [cmTC_c0bcb/fast] Error 2


